2021-04-03 17:15:38.497 INFO  com.yyx.wiki.WikiApplication                      :55   [32m                  [0;39m Starting WikiApplication using Java 1.8.0_192 on DESKTOP-4893H07 with PID 18144 (D:\soft\wiki\target\classes started by 86139 in D:\soft\wiki)
2021-04-03 17:15:38.500 INFO  com.yyx.wiki.WikiApplication                      :660  [32m                  [0;39m No active profile set, falling back to default profiles: default
2021-04-03 17:15:39.104 INFO  o.s.boot.web.embedded.tomcat.TomcatWebServer      :108  [32m                  [0;39m Tomcat initialized with port(s): 8080 (http)
2021-04-03 17:15:39.112 INFO  org.apache.coyote.http11.Http11NioProtocol        :173  [32m                  [0;39m Initializing ProtocolHandler ["http-nio-8080"]
2021-04-03 17:15:39.113 INFO  org.apache.catalina.core.StandardService          :173  [32m                  [0;39m Starting service [Tomcat]
2021-04-03 17:15:39.113 INFO  org.apache.catalina.core.StandardEngine           :173  [32m                  [0;39m Starting Servlet engine: [Apache Tomcat/9.0.39]
2021-04-03 17:15:39.172 INFO  o.a.c.core.ContainerBase.[Tomcat].[localhost].[/] :173  [32m                  [0;39m Initializing Spring embedded WebApplicationContext
2021-04-03 17:15:39.173 INFO  o.s.b.w.s.c.ServletWebServerApplicationContext    :289  [32m                  [0;39m Root WebApplicationContext: initialization completed in 637 ms
2021-04-03 17:15:39.282 INFO  o.s.scheduling.concurrent.ThreadPoolTaskExecutor  :181  [32m                  [0;39m Initializing ExecutorService 'applicationTaskExecutor'
2021-04-03 17:15:39.363 INFO  org.apache.coyote.http11.Http11NioProtocol        :173  [32m                  [0;39m Starting ProtocolHandler ["http-nio-8080"]
2021-04-03 17:15:39.375 INFO  o.s.boot.web.embedded.tomcat.TomcatWebServer      :220  [32m                  [0;39m Tomcat started on port(s): 8080 (http) with context path ''
2021-04-03 17:15:39.383 INFO  com.yyx.wiki.WikiApplication                      :61   [32m                  [0;39m Started WikiApplication in 1.267 seconds (JVM running for 2.098)
2021-04-03 17:32:12.018 INFO  com.yyx.wiki.WikiApplication                      :55   [32m                  [0;39m Starting WikiApplication using Java 1.8.0_192 on DESKTOP-4893H07 with PID 17636 (D:\soft\wiki\target\classes started by 86139 in D:\soft\wiki)
2021-04-03 17:32:12.021 INFO  com.yyx.wiki.WikiApplication                      :660  [32m                  [0;39m No active profile set, falling back to default profiles: default
2021-04-03 17:32:12.598 INFO  o.s.boot.web.embedded.tomcat.TomcatWebServer      :108  [32m                  [0;39m Tomcat initialized with port(s): 8088 (http)
2021-04-03 17:32:12.605 INFO  org.apache.coyote.http11.Http11NioProtocol        :173  [32m                  [0;39m Initializing ProtocolHandler ["http-nio-8088"]
2021-04-03 17:32:12.605 INFO  org.apache.catalina.core.StandardService          :173  [32m                  [0;39m Starting service [Tomcat]
2021-04-03 17:32:12.605 INFO  org.apache.catalina.core.StandardEngine           :173  [32m                  [0;39m Starting Servlet engine: [Apache Tomcat/9.0.39]
2021-04-03 17:32:12.666 INFO  o.a.c.core.ContainerBase.[Tomcat].[localhost].[/] :173  [32m                  [0;39m Initializing Spring embedded WebApplicationContext
2021-04-03 17:32:12.666 INFO  o.s.b.w.s.c.ServletWebServerApplicationContext    :289  [32m                  [0;39m Root WebApplicationContext: initialization completed in 605 ms
2021-04-03 17:32:12.769 INFO  o.s.scheduling.concurrent.ThreadPoolTaskExecutor  :181  [32m                  [0;39m Initializing ExecutorService 'applicationTaskExecutor'
2021-04-03 17:32:12.856 INFO  org.apache.coyote.http11.Http11NioProtocol        :173  [32m                  [0;39m Starting ProtocolHandler ["http-nio-8088"]
2021-04-03 17:32:12.869 INFO  o.s.boot.web.embedded.tomcat.TomcatWebServer      :220  [32m                  [0;39m Tomcat started on port(s): 8088 (http) with context path ''
2021-04-03 17:32:12.876 INFO  com.yyx.wiki.WikiApplication                      :61   [32m                  [0;39m Started WikiApplication in 1.289 seconds (JVM running for 2.06)
2021-04-03 17:32:12.878 INFO  com.yyx.wiki.WikiApplication                      :17   [32m                  [0;39m 启动okokokokokokokokok！！！
2021-04-03 17:32:12.878 INFO  com.yyx.wiki.WikiApplication                      :18   [32m                  [0;39m 地址：	http://127.0.0.1:8088
2021-04-03 17:32:32.784 INFO  com.yyx.wiki.WikiApplication                      :55   [32m                  [0;39m Starting WikiApplication using Java 1.8.0_192 on DESKTOP-4893H07 with PID 14808 (D:\soft\wiki\target\classes started by 86139 in D:\soft\wiki)
2021-04-03 17:32:32.788 INFO  com.yyx.wiki.WikiApplication                      :660  [32m                  [0;39m No active profile set, falling back to default profiles: default
2021-04-03 17:32:33.387 INFO  o.s.boot.web.embedded.tomcat.TomcatWebServer      :108  [32m                  [0;39m Tomcat initialized with port(s): 8088 (http)
2021-04-03 17:32:33.394 INFO  org.apache.coyote.http11.Http11NioProtocol        :173  [32m                  [0;39m Initializing ProtocolHandler ["http-nio-8088"]
2021-04-03 17:32:33.394 INFO  org.apache.catalina.core.StandardService          :173  [32m                  [0;39m Starting service [Tomcat]
2021-04-03 17:32:33.395 INFO  org.apache.catalina.core.StandardEngine           :173  [32m                  [0;39m Starting Servlet engine: [Apache Tomcat/9.0.39]
2021-04-03 17:32:33.457 INFO  o.a.c.core.ContainerBase.[Tomcat].[localhost].[/] :173  [32m                  [0;39m Initializing Spring embedded WebApplicationContext
2021-04-03 17:32:33.458 INFO  o.s.b.w.s.c.ServletWebServerApplicationContext    :289  [32m                  [0;39m Root WebApplicationContext: initialization completed in 622 ms
2021-04-03 17:32:33.568 INFO  o.s.scheduling.concurrent.ThreadPoolTaskExecutor  :181  [32m                  [0;39m Initializing ExecutorService 'applicationTaskExecutor'
2021-04-03 17:32:33.651 INFO  org.apache.coyote.http11.Http11NioProtocol        :173  [32m                  [0;39m Starting ProtocolHandler ["http-nio-8088"]
2021-04-03 17:32:33.663 INFO  o.s.boot.web.embedded.tomcat.TomcatWebServer      :220  [32m                  [0;39m Tomcat started on port(s): 8088 (http) with context path ''
2021-04-03 17:32:33.670 INFO  com.yyx.wiki.WikiApplication                      :61   [32m                  [0;39m Started WikiApplication in 1.315 seconds (JVM running for 2.101)
2021-04-03 17:32:33.672 INFO  com.yyx.wiki.WikiApplication                      :17   [32m                  [0;39m --------------启动okokokokokokokokok！！！--------------
2021-04-03 17:32:33.672 INFO  com.yyx.wiki.WikiApplication                      :18   [32m                  [0;39m 地址：	http://127.0.0.1:8088
